<?xml version="1.0" encoding="UTF-8"?>
<testsuite name="networking.ServerClientTest" tests="1" skipped="0" failures="0" errors="0" timestamp="2022-03-30T20:15:59" hostname="DESKTOP-72C06HR" time="0.044">
  <properties/>
  <testcase name="testWriteString()" classname="networking.ServerClientTest" time="0.044"/>
  <system-out><![CDATA[]]></system-out>
  <system-err><![CDATA[]]></system-err>
</testsuite>
