<?xml version="1.0" encoding="UTF-8"?>
<testsuite name="networking.RouterTest" tests="1" skipped="0" failures="0" errors="0" timestamp="2022-03-27T09:22:58" hostname="DESKTOP-72C06HR" time="0.268">
  <properties/>
  <testcase name="testWriteStringReverse()" classname="networking.RouterTest" time="0.268"/>
  <system-out><![CDATA[0
]]></system-out>
  <system-err><![CDATA[]]></system-err>
</testsuite>
